c:\users\zoe\onedrive\documents\school\openglroot\opengl\opengl\x64\debug\vc143.pdb
c:\users\zoe\onedrive\documents\school\openglroot\opengl\opengl\x64\debug\vc143.idb
c:\users\zoe\onedrive\documents\school\openglroot\opengl\opengl\x64\debug\window.obj
c:\users\zoe\onedrive\documents\school\openglroot\opengl\opengl\x64\debug\textures.obj
c:\users\zoe\onedrive\documents\school\openglroot\opengl\opengl\x64\debug\shader.obj
c:\users\zoe\onedrive\documents\school\openglroot\opengl\opengl\x64\debug\mesh.obj
c:\users\zoe\onedrive\documents\school\openglroot\opengl\opengl\x64\debug\material.obj
c:\users\zoe\onedrive\documents\school\openglroot\opengl\opengl\x64\debug\main.obj
c:\users\zoe\onedrive\documents\school\openglroot\opengl\opengl\x64\debug\light.obj
c:\users\zoe\onedrive\documents\school\openglroot\opengl\opengl\x64\debug\camera.obj
c:\users\zoe\onedrive\documents\school\openglroot\opengl\opengl\x64\debug\texture.obj
c:\users\zoe\onedrive\documents\school\openglroot\opengl\x64\debug\opengl.exe
c:\users\zoe\onedrive\documents\school\openglroot\opengl\opengl\x64\debug\opengl.ilk
c:\users\zoe\onedrive\documents\school\openglroot\opengl\x64\debug\opengl.pdb
c:\users\zoe\onedrive\documents\school\openglroot\opengl\opengl\x64\debug\opengl.tlog\cl.command.1.tlog
c:\users\zoe\onedrive\documents\school\openglroot\opengl\opengl\x64\debug\opengl.tlog\cl.read.1.tlog
c:\users\zoe\onedrive\documents\school\openglroot\opengl\opengl\x64\debug\opengl.tlog\cl.write.1.tlog
c:\users\zoe\onedrive\documents\school\openglroot\opengl\opengl\x64\debug\opengl.tlog\link.command.1.tlog
c:\users\zoe\onedrive\documents\school\openglroot\opengl\opengl\x64\debug\opengl.tlog\link.read.1.tlog
c:\users\zoe\onedrive\documents\school\openglroot\opengl\opengl\x64\debug\opengl.tlog\link.write.1.tlog
