  Camera.cpp
  Light.cpp
C:\Users\zoe\OneDrive\Documents\School\OpenGLRoot\GADE-OpenGL-Scene\OpenGL\Light.cpp(26,14): warning C4244: 'argument': conversion from 'GLfloat' to 'GLint', possible loss of data
C:\Users\zoe\OneDrive\Documents\School\OpenGLRoot\GADE-OpenGL-Scene\OpenGL\Light.cpp(27,14): warning C4244: 'argument': conversion from 'GLfloat' to 'GLint', possible loss of data
C:\Users\zoe\OneDrive\Documents\School\OpenGLRoot\GADE-OpenGL-Scene\OpenGL\Light.cpp(29,14): warning C4244: 'argument': conversion from 'GLfloat' to 'GLint', possible loss of data
C:\Users\zoe\OneDrive\Documents\School\OpenGLRoot\GADE-OpenGL-Scene\OpenGL\Light.cpp(30,14): warning C4244: 'argument': conversion from 'GLfloat' to 'GLint', possible loss of data
  Main.cpp
C:\Users\zoe\OneDrive\Documents\School\OpenGLRoot\GADE-OpenGL-Scene\OpenGL\Window.h(17,37): warning C4244: 'return': conversion from 'GLint' to 'GLfloat', possible loss of data
C:\Users\zoe\OneDrive\Documents\School\OpenGLRoot\GADE-OpenGL-Scene\OpenGL\Window.h(18,38): warning C4244: 'return': conversion from 'GLint' to 'GLfloat', possible loss of data
C:\Users\zoe\OneDrive\Documents\School\OpenGLRoot\GADE-OpenGL-Scene\OpenGL\Main.cpp(115,32): warning C4018: '<': signed/unsigned mismatch
C:\Users\zoe\OneDrive\Documents\School\OpenGLRoot\GADE-OpenGL-Scene\OpenGL\Main.cpp(117,36): warning C4018: '<': signed/unsigned mismatch
C:\Users\zoe\OneDrive\Documents\School\OpenGLRoot\GADE-OpenGL-Scene\OpenGL\Main.cpp(141,32): warning C4018: '<': signed/unsigned mismatch
C:\Users\zoe\OneDrive\Documents\School\OpenGLRoot\GADE-OpenGL-Scene\OpenGL\Main.cpp(143,36): warning C4018: '<': signed/unsigned mismatch
C:\Users\zoe\OneDrive\Documents\School\OpenGLRoot\GADE-OpenGL-Scene\OpenGL\Main.cpp(215,58): warning C4267: 'initializing': conversion from 'size_t' to 'unsigned int', possible loss of data
C:\Users\zoe\OneDrive\Documents\School\OpenGLRoot\GADE-OpenGL-Scene\OpenGL\Main.cpp(526,21): warning C4244: 'initializing': conversion from 'double' to 'GLfloat', possible loss of data
C:\Users\zoe\OneDrive\Documents\School\OpenGLRoot\GADE-OpenGL-Scene\OpenGL\Main.cpp(583,71): warning C4244: 'argument': conversion from '_Ty' to 'GLfloat', possible loss of data
          with
          [
              _Ty=unsigned int
          ]
C:\Users\zoe\OneDrive\Documents\School\OpenGLRoot\GADE-OpenGL-Scene\OpenGL\Main.cpp(583,43): warning C4244: 'argument': conversion from '_Ty' to 'GLfloat', possible loss of data
          with
          [
              _Ty=unsigned int
          ]
C:\Users\zoe\OneDrive\Documents\School\OpenGLRoot\GADE-OpenGL-Scene\OpenGL\Main.cpp(582,90): warning C4244: 'argument': conversion from '_Ty' to 'GLfloat', possible loss of data
          with
          [
              _Ty=unsigned int
          ]
C:\Users\zoe\OneDrive\Documents\School\OpenGLRoot\GADE-OpenGL-Scene\OpenGL\Main.cpp(582,58): warning C4244: 'argument': conversion from '_Ty' to 'GLfloat', possible loss of data
          with
          [
              _Ty=unsigned int
          ]
  Material.cpp
  Mesh.cpp
C:\Users\zoe\OneDrive\Documents\School\OpenGLRoot\GADE-OpenGL-Scene\OpenGL\Mesh.cpp(96,37): warning C4018: '<': signed/unsigned mismatch
  Shader.cpp
  Texture.cpp
  Window.cpp
C:\Users\zoe\OneDrive\Documents\School\OpenGLRoot\GADE-OpenGL-Scene\OpenGL\Window.h(17,37): warning C4244: 'return': conversion from 'GLint' to 'GLfloat', possible loss of data
C:\Users\zoe\OneDrive\Documents\School\OpenGLRoot\GADE-OpenGL-Scene\OpenGL\Window.h(18,38): warning C4244: 'return': conversion from 'GLint' to 'GLfloat', possible loss of data
C:\Users\zoe\OneDrive\Documents\School\OpenGLRoot\GADE-OpenGL-Scene\OpenGL\Window.cpp(136,28): warning C4244: '=': conversion from 'double' to 'GLfloat', possible loss of data
C:\Users\zoe\OneDrive\Documents\School\OpenGLRoot\GADE-OpenGL-Scene\OpenGL\Window.cpp(137,28): warning C4244: '=': conversion from 'double' to 'GLfloat', possible loss of data
C:\Users\zoe\OneDrive\Documents\School\OpenGLRoot\GADE-OpenGL-Scene\OpenGL\Window.cpp(141,31): warning C4244: '=': conversion from 'double' to 'GLfloat', possible loss of data
C:\Users\zoe\OneDrive\Documents\School\OpenGLRoot\GADE-OpenGL-Scene\OpenGL\Window.cpp(142,43): warning C4244: '=': conversion from 'double' to 'GLfloat', possible loss of data
C:\Users\zoe\OneDrive\Documents\School\OpenGLRoot\GADE-OpenGL-Scene\OpenGL\Window.cpp(144,24): warning C4244: '=': conversion from 'double' to 'GLfloat', possible loss of data
C:\Users\zoe\OneDrive\Documents\School\OpenGLRoot\GADE-OpenGL-Scene\OpenGL\Window.cpp(145,24): warning C4244: '=': conversion from 'double' to 'GLfloat', possible loss of data
  Generating Code...
C:\Users\zoe\OneDrive\Documents\School\OpenGLRoot\GADE-OpenGL-Scene\OpenGL\Window.cpp(86): warning C4715: 'Window::initialise': not all control paths return a value
  LINK : C:\Users\zoe\OneDrive\Documents\School\OpenGLRoot\GADE-OpenGL-Scene\x64\Debug\OpenGL.exe not found or not built by the last incremental link; performing full link
LINK : warning LNK4098: defaultlib 'MSVCRT' conflicts with use of other libs; use /NODEFAULTLIB:library
  OpenGL.vcxproj -> C:\Users\zoe\OneDrive\Documents\School\OpenGLRoot\GADE-OpenGL-Scene\x64\Debug\OpenGL.exe
